{"/home/kali/ats-hrms-project/src/login.js": {"path":"/home/kali/ats-hrms-project/src/login.js","statementMap":{"0":{"start":{"line":3,"column":27},"end":{"line":13,"column":1}},"1":{"start":{"line":4,"column":2},"end":{"line":6,"column":3}},"2":{"start":{"line":5,"column":4},"end":{"line":5,"column":36}},"3":{"start":{"line":7,"column":2},"end":{"line":12,"column":3}},"4":{"start":{"line":8,"column":21},"end":{"line":8,"column":52}},"5":{"start":{"line":9,"column":4},"end":{"line":9,"column":28}},"6":{"start":{"line":11,"column":4},"end":{"line":11,"column":25}}},"fnMap":{"0":{"name":"(anonymous_0)","decl":{"start":{"line":3,"column":27},"end":{"line":3,"column":28}},"loc":{"start":{"line":3,"column":54},"end":{"line":13,"column":1}},"line":3}},"branchMap":{"0":{"loc":{"start":{"line":4,"column":2},"end":{"line":6,"column":3}},"type":"if","locations":[{"start":{"line":4,"column":2},"end":{"line":6,"column":3}},{"start":{},"end":{}}],"line":4},"1":{"loc":{"start":{"line":4,"column":6},"end":{"line":4,"column":25}},"type":"binary-expr","locations":[{"start":{"line":4,"column":6},"end":{"line":4,"column":12}},{"start":{"line":4,"column":16},"end":{"line":4,"column":25}}],"line":4}},"s":{"0":1,"1":3,"2":1,"3":2,"4":2,"5":1,"6":1},"f":{"0":3},"b":{"0":[1,2],"1":[3,2]},"_coverageSchema":"1a1c01bbd47fc00a2c39e90264f33305004495a9","hash":"b55fb95bfa3d3a1599f1889d03f75563a607f5c4"}
,"/home/kali/ats-hrms-project/src/provisioning.js": {"path":"/home/kali/ats-hrms-project/src/provisioning.js","statementMap":{"0":{"start":{"line":9,"column":6},"end":{"line":9,"column":12}},"1":{"start":{"line":12,"column":2},"end":{"line":14,"column":3}},"2":{"start":{"line":13,"column":4},"end":{"line":13,"column":64}},"3":{"start":{"line":17,"column":2},"end":{"line":19,"column":3}},"4":{"start":{"line":18,"column":4},"end":{"line":18,"column":45}},"5":{"start":{"line":22,"column":13},"end":{"line":22,"column":74}},"6":{"start":{"line":22,"column":32},"end":{"line":22,"column":73}},"7":{"start":{"line":24,"column":2},"end":{"line":41,"column":3}},"8":{"start":{"line":26,"column":4},"end":{"line":26,"column":21}},"9":{"start":{"line":27,"column":4},"end":{"line":27,"column":32}},"10":{"start":{"line":28,"column":4},"end":{"line":28,"column":27}},"11":{"start":{"line":31,"column":4},"end":{"line":39,"column":6}},"12":{"start":{"line":40,"column":4},"end":{"line":40,"column":24}},"13":{"start":{"line":42,"column":2},"end":{"line":42,"column":14}}},"fnMap":{"0":{"name":"provisionUser","decl":{"start":{"line":1,"column":16},"end":{"line":1,"column":29}},"loc":{"start":{"line":1,"column":61},"end":{"line":43,"column":1}},"line":1},"1":{"name":"(anonymous_1)","decl":{"start":{"line":22,"column":27},"end":{"line":22,"column":28}},"loc":{"start":{"line":22,"column":32},"end":{"line":22,"column":73}},"line":22}},"branchMap":{"0":{"loc":{"start":{"line":1,"column":48},"end":{"line":1,"column":59}},"type":"default-arg","locations":[{"start":{"line":1,"column":57},"end":{"line":1,"column":59}}],"line":1},"1":{"loc":{"start":{"line":12,"column":2},"end":{"line":14,"column":3}},"type":"if","locations":[{"start":{"line":12,"column":2},"end":{"line":14,"column":3}},{"start":{},"end":{}}],"line":12},"2":{"loc":{"start":{"line":17,"column":2},"end":{"line":19,"column":3}},"type":"if","locations":[{"start":{"line":17,"column":2},"end":{"line":19,"column":3}},{"start":{},"end":{}}],"line":17},"3":{"loc":{"start":{"line":17,"column":6},"end":{"line":17,"column":66}},"type":"binary-expr","locations":[{"start":{"line":17,"column":6},"end":{"line":17,"column":27}},{"start":{"line":17,"column":31},"end":{"line":17,"column":66}}],"line":17},"4":{"loc":{"start":{"line":22,"column":32},"end":{"line":22,"column":73}},"type":"binary-expr","locations":[{"start":{"line":22,"column":32},"end":{"line":22,"column":52}},{"start":{"line":22,"column":56},"end":{"line":22,"column":73}}],"line":22},"5":{"loc":{"start":{"line":24,"column":2},"end":{"line":41,"column":3}},"type":"if","locations":[{"start":{"line":24,"column":2},"end":{"line":41,"column":3}},{"start":{"line":29,"column":9},"end":{"line":41,"column":3}}],"line":24},"6":{"loc":{"start":{"line":37,"column":12},"end":{"line":37,"column":45}},"type":"binary-expr","locations":[{"start":{"line":37,"column":12},"end":{"line":37,"column":30}},{"start":{"line":37,"column":34},"end":{"line":37,"column":45}}],"line":37}},"s":{"0":7,"1":7,"2":1,"3":6,"4":1,"5":5,"6":5,"7":5,"8":3,"9":3,"10":3,"11":2,"12":2,"13":5},"f":{"0":7,"1":5},"b":{"0":[1],"1":[1,6],"2":[1,5],"3":[6,5],"4":[5,3],"5":[3,2],"6":[2,1]},"_coverageSchema":"1a1c01bbd47fc00a2c39e90264f33305004495a9","hash":"cc62716553d3ae3555341542c531f3eaf952fe9e"}
}
