TN:
SF:src/login.js
FN:3,(anonymous_0)
FNF:1
FNH:1
FNDA:5,(anonymous_0)
DA:3,1
DA:4,5
DA:5,3
DA:7,2
DA:8,2
DA:9,1
DA:11,1
LF:7
LH:7
BRDA:4,0,0,3
BRDA:4,0,1,2
BRDA:4,1,0,5
BRDA:4,1,1,3
BRF:4
BRH:4
end_of_record
TN:
SF:src/provisioning.js
FN:1,provisionUser
FN:22,(anonymous_1)
FNF:2
FNH:2
FNDA:7,provisionUser
FNDA:5,(anonymous_1)
DA:9,7
DA:12,7
DA:13,1
DA:17,6
DA:18,1
DA:22,5
DA:24,5
DA:26,3
DA:27,3
DA:28,3
DA:31,2
DA:40,2
DA:42,5
LF:13
LH:13
BRDA:1,0,0,1
BRDA:12,1,0,1
BRDA:12,1,1,6
BRDA:17,2,0,1
BRDA:17,2,1,5
BRDA:17,3,0,6
BRDA:17,3,1,5
BRDA:22,4,0,5
BRDA:22,4,1,3
BRDA:24,5,0,3
BRDA:24,5,1,2
BRDA:37,6,0,2
BRDA:37,6,1,1
BRF:13
BRH:13
end_of_record
